[15:09:50 10:09:22] ::1 (Mme Clement): Delete an article (id= 12)
[15:12:19 10:09:22] ::1 (Mme Clement): Start edit an article (id=13)
[15:12:22 10:09:22] ::1 (Mme Clement): Edited an article (id=13)
[15:14:50 10:09:22] ::1 (Mme Clement): Created an article (id=14)
[15:14:57 10:09:22] ::1 (Mme Clement): Delete an article (id= 14)
[15:15:06 10:09:22] ::1 (Mme Clement): Login
[22:09:10 15:16:05] ::1 (Mme Clement): Delete an article (id= 13)
[22:09:10 15:29:23] ::1 (Mme Clement): Delete an article (id= 13)
[22:09:10 15:40:51] ::1 (Mme Clement): Login
[22:09:10 15:51:47] ::1 (Mme Clement): Login
[22:09:16 18:55:48] ::1 (Mme Clement): Login
[22:09:16 18:56:06] ::1 (Mme Clement): Start edit an article (id=11)
[22:09:16 18:56:15] ::1 (Mme Clement): Delete an article (id= 6)
[22:09:16 18:56:54] ::1 (Mme Clement): Created an article (id=15)
[22:09:16 18:59:20] ::1 (Mme Clement): Login
[22:09:16 19:06:28] ::1 (Mme Clement): Login
[22:09:23 14:24:22] ::1 (Mme Clement): Login
[22:09:23 14:24:26] ::1 (Mme Clement): Start edit an article (id=15)
[22:09:23 17:37:11] ::1 (Mme Clement): Login
[22:09:23 17:37:26] ::1 (Mme Clement): Created an article (id=16)
[22:09:23 17:38:05] ::1 (Mme Clement): Created an article (id=17)
[22:09:23 17:38:07] ::1 (Mme Clement): Start edit an article (id=17)
[22:09:23 17:38:44] ::1 (Mme Clement): Created an article (id=18)
[22:10:07 20:44:35] ::1 (root): Login
[22:10:08 18:55:12] ::1 (root): Login
[22:10:08 19:14:31] ::1 (root): Delete an article (id= 17)
[22:10:08 19:16:10] ::1 (root): Delete an article (id= 17)
[22:10:08 19:16:45] ::1 (root): Delete an article (id= 17)
[22:10:08 19:17:08] ::1 (root): Delete an article (id= 17)
[22:10:08 19:17:18] ::1 (root): Delete an article (id= 17)
[22:10:08 19:17:29] ::1 (root): Delete an article (id= 17)
[22:10:08 19:17:41] ::1 (root): Delete an article (id= 17)
[22:10:08 19:18:14] ::1 (root): Delete an article (id= 17)
[22:10:08 23:06:50] ::1 (root): Start edit an article (id=1)
[22:10:08 23:06:52] ::1 (root): Edited an article (id=1)
[22:10:09 12:39:34] ::1 (root): Login
[22:10:09 14:02:51] ::1 (root): Delete an article (id= 1)
[22:10:09 14:02:55] ::1 (root): Delete an article (id= 1)
[22:10:09 14:04:21] ::1 (root): Delete an article (id= 1)
[22:10:09 14:04:27] ::1 (root): Delete an article (id= 2)
[22:10:09 14:04:30] ::1 (root): Delete an article (id= 2)
[22:10:09 14:05:46] ::1 (root): Delete an article (id= 2)
[22:10:09 14:05:50] ::1 (root): Delete an article (id= 2)
[22:10:09 14:06:05] ::1 (root): Delete an article (id= 2)
[22:10:09 14:06:46] ::1 (root): Delete an article (id= 2)
[22:10:09 14:09:09] ::1 (root): Delete an article (id= 2)
[22:10:09 14:09:36] ::1 (root): Delete an article (id= 2)
[22:10:09 14:11:27] ::1 (root): Delete an article (id= 2)
[22:10:09 14:14:14] ::1 (root): Delete an article (id= 2)
[22:10:09 14:14:18] ::1 (root): Delete an article (id= 2)
[22:10:09 14:15:55] ::1 (root): Delete an article (id= 2)
[22:10:09 14:15:58] ::1 (root): Delete an article (id= 2)
[22:10:09 14:16:28] ::1 (root): Delete an article (id= 2)
[22:10:09 14:16:31] ::1 (root): Delete an article (id= 2)
[22:10:09 14:16:36] ::1 (root): Delete an article (id= 11)
[22:10:09 14:18:42] ::1 (root): Created an article (id=18)
[22:10:09 14:18:48] ::1 (root): Created an article (id=18)
[22:10:09 14:20:29] ::1 (root): Created an article (id=18)
[22:10:09 14:21:25] ::1 (root): Created an article (id=18)
[22:10:09 14:28:37] ::1 (root): Created an article (id=18)
[22:10:09 14:52:17] ::1 (root): Created an article (id=18)
[22:10:09 14:53:41] ::1 (root): Created an article (id=18)
[22:10:09 14:54:54] ::1 (root): Created an article (id=18)
[22:10:09 14:55:31] ::1 (root): Created an article (id=18)
[22:10:09 14:58:40] ::1 (root): 1000,azerty qzdsefdgrfghj
[22:10:09 15:01:30] ::1 (root): {"auteur":"1000","titre":"azert","article":"zesfdrgfthgy","type":"annonce"}
[22:10:09 15:01:34] ::1 (root): {"auteur":"1000","titre":"aqzdsefdrgfthgyjhuki","article":"dsfedxgrfchgvjhbkjnlk","type":"annonce"}
[22:10:09 15:03:06] ::1 (root): {"auteur":"1000","titre":"sfdghjhyuk","article":"sfdgfhgjhkl:","type":"annonce"}
[22:10:09 15:06:30] ::1 (root): 
[22:10:09 15:10:14] ::1 (root): 
[22:10:09 15:21:13] ::1 (root): Login
[22:10:31 1:11:13] ::1 (Mme Clement): Login
[22:10:31 1:11:25] ::1 (Mme Clement): 
[22:10:31 1:11:25] ::1 (Mme Clement): Created an article (id=21)
[22:11:01 21:48:04] ::1 (root): Login
[22:11:01 21:48:35] ::1 (root): Start edit an article (id=22)
[22:11:04 17:40:13] ::1 (Mme Clement): Login
[22:11:04 17:40:20] ::1 (Mme Clement): Start edit an article (id=30)
[22:11:04 17:42:32] ::1 (Mme Clement): Edited an article (id=30)
[22:11:04 17:42:33] ::1 (Mme Clement): Delete an article (id= 28)
[22:11:04 17:43:56] ::1 (Mme Clement): Delete an article (id= 28)
[22:11:04 17:44:06] ::1 (Mme Clement): Start edit an article (id=30)
[22:11:04 17:44:09] ::1 (Mme Clement): Edited an article (id=30)
[22:11:04 17:44:31] ::1 (Mme Clement): Start edit an article (id=31)
[22:11:04 17:44:37] ::1 (Mme Clement): Edited an article (id=31)
[22:11:04 17:44:42] ::1 (Mme Clement): Delete an article (id= 31)
[22:11:04 17:44:45] ::1 (Mme Clement): Start edit an article (id=30)
[22:11:04 17:44:49] ::1 (Mme Clement): Edited an article (id=30)
[22:11:04 18:01:19] ::1 (Mme Clement): Delete an article (id= 29)
[22:11:04 18:02:18] ::1 (Mme Clement): Delete an article (id= 26)
[22:11:04 18:02:20] ::1 (Mme Clement): Delete an article (id= 26)
[22:11:04 18:02:21] ::1 (Mme Clement): Delete an article (id= 27)
[22:11:04 18:03:35] ::1 (Mme Clement): Delete an article (id= 27)
[22:11:04 18:04:06] ::1 (Mme Clement): Delete an article (id= 27)
[22:11:04 23:52:16] ::1 (Mme Clement): Edited an article (id=30)
[22:11:04 23:59:04] ::1 (Mme Clement): Login
[22:11:04 23:59:12] ::1 (Mme Clement): Edited an article (id=30)
[22:11:05 1:01:03] ::1 (root): Login
[22:11:05 1:01:16] ::1 (root): 
[22:11:05 1:01:16] ::1 (root): Created an article (id=32)
[22:11:05 1:02:12] ::1 (root): 
[22:11:05 1:02:14] ::1 (root): Created an article (id=33)
[22:11:05 17:13:43] ::1 (root): Login
[22:11:05 17:15:32] ::1 (Mme Clement): Login
[22:11:05 17:40:03] ::1 (Mme Clement): Edited an article (id=)
[22:11:08 21:57:04] ::1 (Mme Clement): Login
[22:11:08 21:57:45] ::1 (Mme Clement): Login
[22:11:10 23:21:00] ::1 (Mme Clement): Login
[22:11:15 18:38:43] ::1 (Mme Clement): Login
[22:11:15 18:39:26] ::1 (Mme Clement): 
[22:11:15 18:39:26] ::1 (Mme Clement): Created an article (id=34)
[22:11:22 22:41:02] ::1 (Mme Clement): Login
[22:11:26 9:54:48] ::1 (Mme Clement): Login
[22:11:26 10:04:39] ::1 (Mme Clement): Edited an article (id=)
[22:11:26 10:04:47] ::1 (Mme Clement): Edited an article (id=)
[22:11:26 10:05:20] ::1 (Mme Clement): Edited an article (id=)
[22:11:26 10:06:28] ::1 (Mme Clement): Edited an article (id=)
[22:11:26 10:06:32] ::1 (Mme Clement): Edited an article (id=)
[22:11:26 10:08:12] ::1 (Mme Clement): Edited an article (id=)
[22:11:26 10:08:37] ::1 (Mme Clement): Edited an article (id=)
[22:11:26 10:10:58] ::1 (Mme Clement): Edited an article (id=)
[22:11:26 10:11:38] ::1 (Mme Clement): Edited an article (id=)
[22:11:26 10:11:49] ::1 (Mme Clement): Edited an article (id=)
[22:11:26 10:12:14] ::1 (Mme Clement): Edited an article (id=)
[22:11:26 10:14:38] ::1 (Mme Clement): Edited an article (id=34)
[22:11:26 10:14:47] ::1 (Mme Clement): Edited an article (id=34)
[22:11:26 10:15:19] ::1 (Mme Clement): Edited an article (id=34)
[22:11:26 10:15:24] ::1 (Mme Clement): Edited an article (id=34)
[22:11:26 10:15:29] ::1 (Mme Clement): Edited an article (id=34)
[22:11:26 10:16:28] ::1 (Mme Clement): Login
[22:11:26 17:14:52] ::1 (Mme Clement): 
[22:11:26 17:14:52] ::1 (Mme Clement): Created an article (id=35)
[22:11:26 17:21:25] ::1 (Mme Clement): 
[22:11:26 17:21:25] ::1 (Mme Clement): Created an article (id=36)
[22:11:26 17:21:53] ::1 (Mme Clement): Edited an article (id=36)
[22:11:26 17:22:05] ::1 (Mme Clement): 
[22:11:26 17:22:05] ::1 (Mme Clement): Created an article (id=37)
[22:11:26 17:24:20] ::1 (Mme Clement): 
[22:11:26 17:24:20] ::1 (Mme Clement): Created an article (id=38)
[22:11:26 17:24:21] ::1 (Mme Clement): 
[22:11:26 17:24:21] ::1 (Mme Clement): Created an article (id=39)
[22:11:26 17:24:22] ::1 (Mme Clement): 
[22:11:26 17:24:22] ::1 (Mme Clement): Created an article (id=40)
[22:11:26 17:24:22] ::1 (Mme Clement): 
[22:11:26 17:24:22] ::1 (Mme Clement): Created an article (id=41)
[22:11:26 17:24:34] ::1 (Mme Clement): 
[22:11:26 17:24:34] ::1 (Mme Clement): Created an article (id=42)
[22:11:26 17:24:48] ::1 (Mme Clement): 
[22:11:26 17:24:48] ::1 (Mme Clement): Created an article (id=43)
[22:11:26 17:25:31] ::1 (Mme Clement): 
[22:11:26 17:25:31] ::1 (Mme Clement): Created an article (id=44)
[22:11:26 17:55:43] ::1 (Mme Clement): 
[22:11:26 17:55:43] ::1 (Mme Clement): Created an article (id=45)
[22:11:26 17:56:25] ::1 (Mme Clement): 
[22:11:26 17:56:25] ::1 (Mme Clement): Created an article (id=46)
[22:11:26 18:00:55] ::1 (Mme Clement): 
[22:11:26 18:00:55] ::1 (Mme Clement): Created an article (id=1)
[22:11:26 18:05:43] ::1 (Mme Clement): Delete an article (id= 1)
[22:11:26 18:05:54] ::1 (Mme Clement): 
[22:11:26 18:05:54] ::1 (Mme Clement): Created an article (id=2)
[22:11:26 18:06:33] ::1 (Mme Clement): 
[22:11:26 18:06:33] ::1 (Mme Clement): Created an article (id=3)
[22:11:26 18:13:03] ::1 (Mme Clement): 
[22:11:26 18:13:03] ::1 (Mme Clement): Created an article (id=4)
[22:11:26 18:15:18] ::1 (Mme Clement): 
[22:11:26 18:15:18] ::1 (Mme Clement): Created an article (id=5)
[22:11:26 18:19:31] ::1 (Mme Clement): 
[22:11:26 18:19:31] ::1 (Mme Clement): Created an article (id=6)
[22:11:26 18:23:46] ::1 (Mme Clement): 
[22:11:26 18:23:46] ::1 (Mme Clement): Created an article (id=7)
[22:11:26 18:26:12] ::1 (Mme Clement): 
[22:11:26 18:26:12] ::1 (Mme Clement): Created an article (id=8)
[22:11:26 18:26:58] ::1 (Mme Clement): 
[22:11:26 18:26:58] ::1 (Mme Clement): Created an article (id=9)
[22:11:26 18:31:49] ::1 (Mme Clement): 
[22:11:26 18:31:49] ::1 (Mme Clement): Created an article (id=10)
[22:11:26 19:12:21] ::1 (Mme Clement): 
[22:11:26 19:12:21] ::1 (Mme Clement): Created an article (id=10)
[22:11:26 19:13:06] ::1 (Mme Clement): 
[22:11:26 19:13:06] ::1 (Mme Clement): Created an article (id=10)
[22:11:26 19:15:28] ::1 (Mme Clement): 
[22:11:26 19:15:28] ::1 (Mme Clement): Created an article (id=10)
[22:11:26 19:15:43] ::1 (Mme Clement): 
[22:11:26 19:15:43] ::1 (Mme Clement): Created an article (id=10)
[22:11:26 19:15:55] ::1 (Mme Clement): 
[22:11:26 19:15:55] ::1 (Mme Clement): Created an article (id=10)
[22:11:26 19:16:21] ::1 (Mme Clement): 
[22:11:26 19:16:21] ::1 (Mme Clement): Created an article (id=11)
[22:11:26 19:17:09] ::1 (Mme Clement): Created an article (id=12)
[22:11:26 19:17:23] ::1 (Mme Clement): Created an article (id=12)
[22:11:26 19:18:04] ::1 (Mme Clement): Created an article (id=12)
[22:11:26 19:18:07] ::1 (Mme Clement): Created an article (id=12)
[22:11:26 19:18:15] ::1 (Mme Clement): Created an article (id=12)
[22:11:26 19:18:32] ::1 (Mme Clement): Created an article (id=13)
[22:11:26 19:19:35] ::1 (Mme Clement): Created an article (id=14)
[22:11:26 19:21:10] ::1 (Mme Clement): Created an article (id=15)
[22:11:26 19:21:30] ::1 (Mme Clement): Created an article (id=16)
[22:11:26 19:23:27] ::1 (Mme Clement): Created an article (id=17)
[22:11:26 19:23:44] ::1 (Mme Clement): Created an article (id=18)
[22:11:26 19:24:59] ::1 (Mme Clement): Created an article (id=19)
[22:11:26 19:26:38] ::1 (Mme Clement): Created an article (id=20)
[22:11:26 19:26:53] ::1 (Mme Clement): Created an article (id=21)
[22:11:26 19:27:05] ::1 (Mme Clement): Created an article (id=22)
[22:11:26 19:27:38] ::1 (Mme Clement): Created an article (id=23)
[22:11:26 19:28:07] ::1 (Mme Clement): Created an article (id=24)
[22:11:26 19:28:23] ::1 (Mme Clement): Created an article (id=25)
[22:11:26 19:32:11] ::1 (Mme Clement): Edited an article (id=11)
[22:11:26 19:32:18] ::1 (Mme Clement): Edited an article (id=25)
[22:11:26 19:32:34] ::1 (Mme Clement): Edited an article (id=25)
[22:11:27 22:06:42] ::1 (CE1_2): login
[22:11:27 22:07:45] ::1 (CE1_2): login
[22:11:27 22:08:05] ::1 (CE1_2): login
[22:11:27 22:08:11] ::1 (CE1_2): login
[22:11:27 22:31:57] ::1 (Mme Clement): Login
[22:11:27 22:32:07] ::1 (Mme Clement): Created an article (id=26)
[22:11:27 22:32:15] ::1 (Mme Clement): Created an article (id=27)
[22:11:27 22:40:02] ::1 (CE1_2): login
[22:11:27 22:40:10] ::1 (CE1_2): login
[22:11:27 22:41:59] ::1 (CE1_2): login
[22:11:27 22:44:08] ::1 (CE1_2): login
[22:11:27 22:45:41] ::1 (root): Login
[22:11:27 22:46:02] ::1 (root): Created an article (id=1)
[22:11:27 22:47:02] ::1 (CE1_2): login
[22:11:27 22:58:21] ::1 (CE1_2): login
[22:11:27 22:59:08] ::1 (CE1_2): login
[22:11:27 23:01:19] ::1 (CE1_2): login
[22:11:27 23:02:05] ::1 (CE1_2): login
[22:11:27 23:05:16] ::1 (Mme Clement): Login
[22:11:27 23:05:26] ::1 (Mme Clement): Created an article (id=2)
[22:11:27 23:08:03] ::1 (CE1_1): login
[22:11:27 23:11:12] ::1 (CE1_1): login
[22:11:27 23:14:30] ::1 (CE1_1): login
[22:11:27 23:15:17] ::1 (CE1_1): login
[22:11:27 23:17:20] ::1 (CE1_1): login
[22:11:27 23:17:48] ::1 (CE1_1): login
[22:11:27 23:18:17] ::1 (Mme Clement): Login
[22:11:27 23:20:15] ::1 (Mme Clement): Created an article (id=3)
[22:11:27 23:20:28] ::1 (Mme Clement): Edited an article (id=3)
[22:11:27 23:20:32] ::1 (Mme Clement): Delete an article (id= 2)
[22:11:27 23:20:46] ::1 (CE1_1): login
[22:11:27 23:22:28] ::1 (CE1_1): Created an article (id=4)
[22:11:28 19:06:48] ::1 (CE1_1): login
[22:11:28 19:07:44] ::1 (Mme Clement): Login
[22:11:28 19:07:53] ::1 (Mme Clement): Edited an article (id=4)
[22:11:28 19:09:03] ::1 (CE1_1): login
[22:11:28 19:11:06] ::1 (CE1_1): login
[22:11:28 19:12:39] ::1 (Mme Clement): Login
[22:11:28 19:12:57] ::1 (Mme Clement): Created an article (id=5)
[22:12:03 19:16:18] ::1 (Mme Clement): Login
[22:12:03 19:57:24] ::1 (CE1_1): login
[22:12:03 20:01:43] ::1 (Mme Clement): Login
[22:12:04 2:14:51] ::1 (Mme Clement): Delete an article (id= 5)
[22:12:04 2:15:18] ::1 (Mme Clement): Login
[22:12:04 2:19:01] ::1 (Mme Clement): Login
[22:12:04 2:21:26] ::1 (CE1_1): login
[22:12:04 12:54:27] ::1 (CE1_1): login
[22:12:04 13:13:21] ::1 (CE1_1): login
[22:12:04 13:18:08] ::1 (CE1_1): login
[22:12:04 13:20:41] ::1 (CE1_1): login
[22:12:04 15:57:04] ::1 (CE1_1): login
[22:12:04 16:03:23] ::1 (CE1_1): login
[22:12:04 16:05:53] ::1 (root): Login
[22:12:04 17:31:38] ::1 (Mme Clement): Login
[22:12:04 17:36:36] ::1 (CE1_1): login
[22:12:04 17:36:51] ::1 (Mme Clement): Login
[22:12:04 17:59:42] ::1 (Mme Clement): Login
[22:12:04 17:59:48] ::1 (CE1_1): login
[22:12:05 21:32:14] ::1 (Mme Clement): Login
[22:12:05 21:32:40] ::1 (Mme Clement): Created an article (id=6)
[22:12:05 21:32:49] ::1 (CE1_1): login
[22:12:05 21:42:11] ::1 (Mme Clement): Login
[22:12:05 21:42:25] ::1 (Mme Clement): Created an article (id=7)
[22:12:05 21:42:30] ::1 (Mme Clement): Delete an article (id= 6)
[22:12:05 21:43:56] ::1 (Mme Clement): Delete an article (id= 6)
[22:12:05 21:43:57] ::1 (Mme Clement): Delete an article (id= 6)
[22:12:05 21:44:29] ::1 (Mme Clement): Login
[22:12:05 21:44:41] ::1 (Mme Clement): Created an article (id=8)
[22:12:05 21:44:58] ::1 (Mme Clement): Delete an article (id= 8)
[22:12:05 21:45:56] ::1 (Mme Clement): Delete an article (id= 8)
[22:12:05 21:46:16] ::1 (Mme Clement): Delete an article (id= 8)
[22:12:05 21:46:36] ::1 (Mme Clement): Delete an article (id= 8)
[22:12:05 21:46:58] ::1 (Mme Clement): Delete an article (id= 8)
[22:12:05 21:47:35] ::1 (Mme Clement): Delete an article (id= 8)
[22:12:05 21:47:54] ::1 (Mme Clement): Delete an article (id= 8)
[22:12:05 21:48:24] ::1 (Mme Clement): Delete an article (id= 8)
[22:12:05 21:48:48] ::1 (Mme Clement): Delete an article (id= 7)
[22:12:05 22:07:29] ::1 (CE1_1): login
[22:12:05 22:08:09] ::1 (Mme Clement): Login
[22:12:05 22:19:26] ::1 (Mme Clement): Login
[22:12:05 22:21:36] ::1 (Mme Clement): Created an article (id=9)
[22:12:06 19:47:07] ::1 (CE1_1): login
[22:12:26 18:35:03] ::1 (CE1_1): login
[22:12:26 18:43:06] ::1 (CE1_1): login
[22:12:28 1:08:37] ::1 (CE1_1): login
[22:12:28 1:08:48] ::1 (Mme Clement): Login
[22:12:28 1:08:59] ::1 (Mme Clement): Edited an article (id=4)
[22:12:28 1:09:43] ::1 (Mme Clement): Created an article (id=10)
[22:12:28 1:09:52] ::1 (CE1_1): login
[22:12:28 13:52:58] ::1 (CE1_1): login
[22:12:28 13:53:03] ::1 (Mme Clement): Login
[22:12:28 13:53:47] ::1 (Mme Clement): Created an article (id=11)
[22:12:28 15:06:48] ::1 (Mme Clement): Login
[22:12:28 15:13:02] ::1 (root): Login
[22:12:28 15:15:43] ::1 (test): Login
[22:12:28 15:15:56] ::1 (test): Created an article (id=12)
[22:12:28 15:19:21] ::1 (test): Login
[22:12:28 15:22:26] ::1 (CE1_1): login
[22:12:28 15:22:35] ::1 (CE1_1): login
[22:12:28 15:22:44] ::1 (test): Login
[22:12:28 15:27:56] ::1 (CE1_1): login
[22:12:28 15:32:24] ::1 (CE1_1): login
[22:12:28 15:34:26] ::1 (CE1_1): login
[22:12:28 15:34:35] ::1 (Mme Clement): Login
[22:12:28 15:35:01] ::1 (Mme Clement): Login
[22:12:28 15:35:03] ::1 (Mme Clement): Login
[22:12:28 15:35:19] ::1 (Mme Clement): Login
[22:12:28 15:37:49] ::1 (Mme Clement): Login
[22:12:28 15:38:10] ::1 (Mme Clement): Login
[22:12:28 15:39:56] ::1 (Mme Clement): Login
[22:12:28 15:39:58] ::1 (Mme Clement): Login
[22:12:28 15:40:12] ::1 (Mme Clement): Login
[22:12:28 15:45:00] ::1 (test): Login
[22:12:28 15:45:36] ::1 (test): Login
[22:12:28 15:45:43] ::1 (Mme Clement): Login
[22:12:28 15:45:48] ::1 (CE1_1): login
[22:12:28 15:52:36] ::1 (CE1_1): login
[22:12:28 15:56:54] ::1 (Mme Clement): Login
[22:12:28 15:57:37] ::1 (CE1_1): login
[22:12:29 14:51:09] ::1 (CE1_1): login
[22:12:29 14:51:16] ::1 (Mme Clement): Login
[22:12:29 14:58:44] ::1 (test): Login
[23:01:14 13:50:13] ::1 (CE1_1): login
[23:01:14 13:50:57] ::1 (root): Login
[23:01:14 13:51:17] ::1 (root): Login
[23:01:14 15:59:43] ::1 (root): Login
[23:01:14 16:08:11] ::1 (root): Login
[23:01:14 16:16:22] ::1 (): A ESSAYER DE SE CONNECTER A LA PAGE SUPERADMIN
[23:01:14 18:26:23] ::1 (root): Login
[23:01:19 0:06:51] ::1 (root): Login
[23:01:19 0:07:02] ::1 (root): Login
[23:01:19 0:57:56] ::1 (root): Login
[23:01:19 1:40:24] ::1 (root): Edited an article (id=11)
[23:01:22 21:18:46] ::1 (root): Login
[23:01:22 21:23:22] ::1 (CE1_1): login
[23:01:22 21:26:52] ::1 (root): Login
[23:01:23 18:50:36] ::1 (root): Login
[23:01:23 18:53:21] ::1 (root): Edited an article (id=11)
[23:01:23 21:58:27] ::1 (root): Edited an article (id=1)
[23:01:23 21:58:29] ::1 (root): Delete an article (id= 3)
[23:01:23 21:59:01] ::1 (root): Delete an article (id= 3)
[23:01:23 22:30:57] ::1 (): A ESSAYER DE SE CONNECTER A LA PAGE SUPERADMIN
[23:01:23 22:31:11] ::1 (): A ESSAYER DE SE CONNECTER A LA PAGE SUPERADMIN
[23:01:23 22:31:35] ::1 (): A ESSAYER DE SE CONNECTER A LA PAGE SUPERADMIN
[23:01:23 22:31:42] ::1 (): A ESSAYER DE SE CONNECTER A LA PAGE SUPERADMIN
[23:01:23 22:31:55] ::1 (): A ESSAYER DE SE CONNECTER A LA PAGE SUPERADMIN
[23:01:23 22:34:43] ::1 (): A ESSAYER DE SE CONNECTER A LA PAGE SUPERADMIN
[23:01:23 22:42:48] ::1 (): A ESSAYER DE SE CONNECTER A LA PAGE SUPERADMIN
[23:01:23 22:59:13] ::1 (root): Delete an article (id= 3)
[23:01:23 22:59:18] ::1 (CE1_1): login
[23:01:23 23:00:03] ::1 (CE1_1): A ESSAYER DE SE CONNECTER A LA PAGE SUPERADMIN
[23:01:23 23:01:22] ::1 (root): Login
[23:01:23 23:19:45] ::1 (root): Login
[23:01:24 18:38:50] ::1 (root): Login
[23:01:24 18:41:34] ::1 (root): à modifier un prof
[23:01:24 18:41:34] ::1 (root): à modifier un parent
[23:01:24 18:41:55] ::1 (root): à modifier un prof
[23:01:24 18:41:55] ::1 (root): à modifier un parent
[23:01:24 18:42:46] ::1 (root): à modifier un prof
[23:01:24 18:42:47] ::1 (root): à modifier un parent
[23:01:24 18:44:23] ::1 (root): à modifier un prof
[23:01:24 18:44:24] ::1 (root): à modifier un parent
[23:01:24 18:53:01] ::1 (root): à modifier un prof
[23:01:24 18:53:01] ::1 (root): à modifier un parent
[23:01:24 18:53:20] ::1 (root): à modifier un prof
[23:01:24 18:53:20] ::1 (root): à modifier un parent
[23:01:24 18:53:48] ::1 (root): à modifier un prof
[23:01:24 18:53:48] ::1 (root): à modifier un parent
[23:01:24 18:54:05] ::1 (root): à modifier un prof
[23:01:24 18:54:05] ::1 (root): à modifier un parent
[23:01:24 18:54:12] ::1 (root): à modifier un prof
[23:01:24 18:54:12] ::1 (root): à modifier un parent
[23:01:24 18:54:44] ::1 (root): à modifier un prof
[23:01:24 18:54:44] ::1 (root): à modifier un parent
[23:01:24 18:56:32] ::1 (root): à modifier un prof
[23:01:24 18:56:32] ::1 (root): à modifier un parent
[23:01:24 18:57:05] ::1 (root): à modifier un prof
[23:01:24 18:57:05] ::1 (root): à modifier un parent
[23:01:24 18:57:21] ::1 (root): à modifier un prof
[23:01:24 18:57:22] ::1 (root): à modifier un parent
[23:01:24 18:59:15] ::1 (root): à modifier un prof
[23:01:24 18:59:15] ::1 (root): à modifier un parent
[23:01:24 18:59:26] ::1 (root): à modifier un prof
[23:01:24 18:59:26] ::1 (root): à modifier un parent
[23:01:24 19:02:22] ::1 (root): à modifier un prof
[23:01:24 19:02:22] ::1 (root): à modifier un parent
[23:01:24 19:03:17] ::1 (root): à modifier un prof
[23:01:24 19:03:17] ::1 (root): à modifier un parent
[23:01:24 19:03:43] ::1 (root): à modifier un prof
[23:01:24 19:03:43] ::1 (root): à modifier un parent
[23:01:24 19:04:24] ::1 (root): à modifier un prof
[23:01:24 19:04:24] ::1 (root): à modifier un parent
[23:01:24 19:04:56] ::1 (root): à modifier un prof
[23:01:24 19:04:56] ::1 (root): à modifier un parent
[23:01:24 19:05:56] ::1 (root): à modifier un prof
[23:01:24 19:05:56] ::1 (root): à modifier un parent
[23:01:24 19:06:10] ::1 (root): à modifier un prof
[23:01:24 19:06:10] ::1 (root): à modifier un parent
[23:01:24 19:06:18] ::1 (root): à modifier un prof
[23:01:24 19:06:18] ::1 (root): à modifier un parent
[23:01:24 19:06:41] ::1 (root): à modifier un prof
[23:01:24 19:06:41] ::1 (root): à modifier un parent
[23:01:24 19:08:21] ::1 (root): à modifier un prof
[23:01:24 19:08:21] ::1 (root): à modifier un parent
[23:01:24 19:17:53] ::1 (root): à modifier un prof
[23:01:24 19:17:53] ::1 (root): à modifier un parent
[23:01:24 19:22:35] ::1 (root): à modifier un prof
[23:01:24 19:22:35] ::1 (root): à modifier un parent
[23:01:24 19:23:09] ::1 (root): à modifier un prof
[23:01:24 19:23:09] ::1 (root): à modifier un parent
[23:01:24 19:24:09] ::1 (root): à modifier un prof
[23:01:24 19:24:09] ::1 (root): à modifier un parent
[23:01:24 19:36:11] ::1 (root): à modifier un prof
[23:01:24 19:36:11] ::1 (root): à modifier un parent
[23:01:24 19:37:26] ::1 (root): à modifier un prof
[23:01:24 19:37:26] ::1 (root): à modifier un parent
[23:01:24 19:38:06] ::1 (root): à modifier un prof
[23:01:24 19:38:06] ::1 (root): à modifier un parent
[23:01:24 20:20:03] ::1 (root): à modifier un prof
[23:01:24 20:20:03] ::1 (root): à modifier un parent
[23:01:24 20:20:18] ::1 (root): à modifier un prof
[23:01:24 20:20:18] ::1 (root): à modifier un parent
[23:01:24 20:20:57] ::1 (root): à modifier un prof
[23:01:24 20:20:57] ::1 (root): à modifier un parent
[23:01:24 20:21:30] ::1 (root): à modifier un prof
[23:01:24 20:21:30] ::1 (root): à modifier un parent
[23:01:24 22:10:19] ::1 (root): à modifier un prof
[23:01:24 22:10:19] ::1 (root): à modifier un parent
[23:01:24 22:11:28] ::1 (root): à modifier un prof
[23:01:24 22:11:28] ::1 (root): à modifier un parent
[23:01:24 22:11:51] ::1 (root): à modifier un prof
[23:01:24 22:11:51] ::1 (root): à modifier un parent
[23:01:24 22:13:48] ::1 (root): à modifier un prof
[23:01:24 22:13:48] ::1 (root): à modifier un parent
[23:01:24 22:14:23] ::1 (root): à modifier un prof
[23:01:24 22:14:23] ::1 (root): à modifier un parent
[23:01:27 22:17:00] ::1 (root): Login
[23:01:28 18:45:51] ::1 (root): Login
[23:02:05 17:17:11] ::1 (root): Login
[23:02:05 17:22:26] ::1 (root): à créer un prof
[23:02:05 17:22:36] ::1 (root): à créer un prof
[23:02:05 17:22:49] ::1 (root): à créer un prof
[23:02:05 17:23:02] ::1 (root): à créer un prof
[23:02:05 17:23:36] ::1 (root): à créer un prof
[23:02:05 17:24:12] ::1 (root): à créer un prof
[23:02:05 17:26:08] ::1 (root): à créer un prof
[23:02:05 17:26:19] ::1 (root): à créer un prof
[23:02:05 17:26:29] ::1 (root): à créer un prof
[23:02:05 17:26:37] ::1 (root): à créer un prof
[23:02:05 17:31:43] ::1 (root): à créer un prof
[23:02:05 17:31:57] ::1 (root): à créer un prof
[23:02:06 13:49:57] ::1 (root): Login
[23:02:06 14:07:01] ::1 (root): Login
[23:02:06 14:07:15] ::1 (root): Login
[23:02:06 14:09:56] ::1 (root): Login
[23:02:06 14:10:13] ::1 (root): Login
[23:02:06 14:10:30] ::1 (root): Edited an article (id=11)
[23:02:06 14:12:56] ::1 (root): Created an article (id=14)
[23:02:06 14:13:00] ::1 (root): Delete an article (id= 14)
[23:02:06 14:13:02] ::1 (root): Delete an article (id= 13)
[23:02:06 14:52:11] ::1 (root): à créer un prof
[23:02:06 14:52:39] ::1 (root): à créer un prof
[23:02:06 14:55:15] ::1 (root): à créer un prof
[23:02:06 14:55:55] ::1 (root): à créer un prof
[23:02:06 14:57:59] ::1 (root): à créer un prof
[23:02:06 14:59:14] ::1 (root): à créer un prof
[23:02:06 14:59:14] ::1 (root): à créer un prof
[23:02:06 15:00:05] ::1 (root): à créer un prof
[23:02:06 15:00:05] ::1 (root): à créer un prof
[23:02:06 15:00:40] ::1 (root): à créer un prof
[23:02:06 15:00:40] ::1 (root): à créer un prof
[23:02:06 15:01:04] ::1 (root): à créer un prof
[23:02:06 15:01:04] ::1 (root): à créer un prof
[23:02:06 15:03:22] ::1 (root): à créer un prof
[23:02:06 15:03:23] ::1 (root): à créer un prof
[23:02:06 15:03:54] ::1 (root): à créer un prof
[23:02:06 15:03:54] ::1 (root): à créer un prof
[23:02:06 15:06:06] ::1 (root): à créer un prof
[23:02:06 15:06:06] ::1 (root): à créer un prof
[23:02:06 15:06:39] ::1 (root): à créer un prof
[23:02:06 15:06:39] ::1 (root): à créer un prof
[23:02:06 15:10:56] ::1 (root): à créer un prof
[23:02:06 15:10:56] ::1 (root): à créer un prof
[23:02:06 15:17:42] ::1 (root): à créer un prof
[23:02:06 15:17:42] ::1 (root): à créer un prof
[23:02:06 17:42:42] ::1 (root): à créer un prof
[23:02:06 17:42:42] ::1 (root): à créer un prof
[23:02:06 17:48:04] ::1 (root): à créer un prof
[23:02:06 17:48:04] ::1 (root): à créer un prof
[23:02:07 17:56:58] ::1 (root): Login
[23:02:07 17:58:19] ::1 (root): Edited an article (id=11)
[23:02:07 18:10:06] ::1 (root): Delete an article (id= type)
[23:02:07 18:10:12] ::1 (root): Delete an article (id= type)
[23:02:07 18:13:26] ::1 (root): Delete an article (id= type)
[23:02:07 18:20:29] ::1 (root): Login
[23:02:07 18:20:59] ::1 (root): à créer un prof
[23:02:07 18:20:59] ::1 (root): à créer un prof
[23:02:07 18:21:26] ::1 (Mme clement): Login
[23:02:07 18:21:40] ::1 (Mme clement): Created an article (id=1)
[23:02:07 18:21:54] ::1 (root): Login
[23:02:07 18:22:40] ::1 (root): Created an article (id=2)
[23:02:07 18:23:26] ::1 (root): Login
[23:02:07 18:23:47] ::1 (root): Created an article (id=3)
[23:02:07 18:24:48] ::1 (root): Login
[23:02:07 18:25:26] ::1 (Mme clement): Login
[23:02:07 18:27:54] ::1 (root): Login
[23:02:07 18:33:48] ::1 (root): Login
[23:02:07 18:36:02] ::1 (root): Delete an article (id= 2)
[23:02:07 23:25:35] ::1 (root): Login
[23:02:07 23:26:00] ::1 (parent_clement): login
[23:02:07 23:50:50] ::1 (root): Login
[23:02:09 19:16:00] ::1 (root): Login
[23:02:09 19:18:35] ::1 (root): Login
[23:02:09 19:18:53] ::1 (parent_clement): login
[23:02:09 19:19:32] ::1 (Mme Clement): Login
[23:02:09 19:19:46] ::1 (Mme Clement): Created an article (id=4)
[23:02:09 19:19:54] ::1 (root): Login
[23:02:09 19:20:02] ::1 (parent_clement): login
[23:03:09 22:55:29] ::1 (root): Login
[23:03:29 17:38:20] ::1 (root): Login
[23:03:29 17:39:04] ::1 (root): à créer un prof
[23:03:29 17:39:04] ::1 (root): à créer un prof
[23:03:29 17:41:31] ::1 (root): à créer un prof
[23:03:29 17:41:31] ::1 (root): à créer un prof
[23:03:29 17:41:39] ::1 (root): à créer un prof
[23:03:29 17:41:39] ::1 (root): à créer un prof
[23:03:29 17:41:51] ::1 (root): à créer un prof
[23:03:29 17:41:51] ::1 (root): à créer un prof
[23:03:29 17:42:12] ::1 (root): à créer un prof
[23:03:29 17:42:13] ::1 (root): à créer un prof
[23:03:29 17:42:45] ::1 (root): à créer un prof
[23:03:29 17:42:45] ::1 (root): à créer un prof
[23:03:29 17:45:43] ::1 (root): à créer un prof
[23:03:29 17:45:43] ::1 (root): à créer un prof
[23:03:29 17:45:48] ::1 (root): à créer un prof
[23:03:29 17:45:49] ::1 (root): à créer un prof
[23:03:29 17:47:37] ::1 (root): à créer un prof
[23:03:29 17:47:37] ::1 (root): à créer un prof
[23:03:29 18:01:40] ::1 (root): Login
[23:03:29 18:02:15] ::1 (root): Login
[23:05:02 19:59:13] ::1 (root): Login
[23:05:02 20:17:50] ::1 (root): Login
[23:05:04 18:22:12] ::1 (root): Login
[23:05:04 18:22:32] ::1 (root): à créer un prof
[23:05:04 18:22:32] ::1 (root): à créer un prof
[23:05:04 18:25:53] ::1 (root): Login
[23:05:04 18:26:15] ::1 (root): à créer un prof
[23:05:04 18:26:15] ::1 (root): à créer un prof
[23:05:04 19:57:11] ::1 (root): à créer un prof
[23:05:04 19:57:11] ::1 (root): à créer un prof
[23:05:04 19:58:25] ::1 (root): à créer un prof
[23:05:04 19:58:25] ::1 (root): à créer un prof
[23:05:04 20:01:55] ::1 (root): à créer un prof
[23:05:04 20:01:55] ::1 (root): à créer un prof
[23:05:04 20:03:48] ::1 (root): à créer un prof
[23:05:04 20:03:48] ::1 (root): à créer un prof
[23:05:04 20:04:44] ::1 (root): à créer un prof
[23:05:04 20:04:44] ::1 (root): à créer un prof
[23:05:05 18:10:13] ::1 (root): Login
[23:05:06 18:20:29] ::1 (root): Login
[23:05:06 18:27:59] ::1 (root): Login
[23:05:06 18:30:42] ::1 (parent_clement): login
[23:05:06 18:32:11] ::1 (root): Login
[23:05:06 18:32:47] ::1 (parent_clement): login
[23:05:06 18:32:56] ::1 (Mme Clement): Login
[23:05:06 18:33:14] ::1 (Mme Clement): Created an article (id=4)
[23:05:06 18:34:33] ::1 (Mme Clement): Created an article (id=5)
[23:05:06 18:34:55] ::1 (Mme Clement): Created an article (id=6)
[23:05:06 18:35:13] ::1 (Mme Clement): Delete an article (id= 6)
[23:05:06 18:35:49] ::1 (Mme Clement): Delete an article (id= 6)
[23:05:06 18:35:51] ::1 (Mme Clement): Delete an article (id= 6)
[23:05:06 18:36:22] ::1 (Mme Clement): Delete an article (id= 6)
[23:05:06 18:37:42] ::1 (Mme Clement): Delete an article (id= 6)
[23:05:06 18:37:44] ::1 (Mme Clement): Delete an article (id= 6)
[23:05:06 18:37:54] ::1 (Mme Clement): Delete an article (id= 6)
[23:05:06 18:38:28] ::1 (Mme Clement): Created an article (id=7)
[23:05:07 19:06:03] ::1 (Mme Clement): Created an article (id=7)
[23:05:07 19:20:09] ::1 (Mme Clement): Created an article (id=8)
[23:05:07 19:20:45] ::1 (Mme Clement): Created an article (id=9)
[23:05:08 18:07:59] ::1 (parent_clement): login
[23:05:08 18:26:08] ::1 (parent_clement): login
[23:05:08 22:42:43] ::1 (parent_clement): login
[23:05:08 23:04:06] ::1 (root): Login
[23:05:08 23:04:13] ::1 (root): Delete an article (id= 8)
[23:05:08 23:04:59] ::1 (root): Delete an article (id= type)
[23:05:08 23:10:56] ::1 (root): Delete an article (id= 7)
[23:05:08 23:15:02] ::1 (root): Delete an article (id= type)
[23:05:08 23:15:10] ::1 (root): Delete an article (id= type)
[23:05:08 23:15:38] ::1 (root): Delete an article (id= type)
[23:05:08 23:16:23] ::1 (root): Delete an article (id= type)
[23:05:08 23:18:41] ::1 (root): Delete an article (id= type)
[23:05:08 23:19:41] ::1 (root): Delete an article (id= type)
[23:05:08 23:19:55] ::1 (root): Delete an article (id= type)
[23:05:08 23:20:45] ::1 (root): Delete an article (id= type)
[23:05:08 23:23:38] ::1 (root): Delete an article (id= type)
[23:05:08 23:23:59] ::1 (root): Delete an article (id= type)
[23:05:08 23:24:02] ::1 (root): delete an article (id= 9)
[23:05:08 23:24:10] ::1 (root): Login
[23:05:08 23:27:13] ::1 (root): delete an article (id= 5)
[23:05:08 23:27:44] ::1 (root): Login
[23:05:08 23:27:52] ::1 (root): delete an article (id= 3)
[23:05:08 23:28:53] ::1 (parent_clement): login
[23:05:11 17:29:34] ::1 (parent_clement): login
[23:05:11 17:44:28] ::1 (root): Login
[23:06:05 11:52:15] ::1 (root): Login
[23:06:05 11:52:41] ::1 (root): Created an article (id=10)
[23:06:05 11:56:08] ::1 (parent_clement): login
[23:06:05 11:59:50] ::1 (root): Login
[23:06:05 11:59:59] ::1 (root): Delete an article (id= 10)
[23:06:06 15:30:13] ::1 (parent_clement): login
[23:06:06 15:30:33] ::1 (root): Login
[23:06:06 15:31:17] ::1 (root): Created an article (id=4)
[23:06:12 0:12:51] ::1 (root): Logi
[23:06:12 0:13:09] ::1 (root): à créer un prof
[23:06:12 0:13:09] ::1 (root): à créer un pro
[23:06:12 0:13:19] ::1 (a): L
[23:06:12 0:13:27] ::1 (a): Created an article (id
[23:06:12 0:13:32] ::1 (b): login
[23:06:12 0:13:42] ::1 (root): Logi
[23:06:12 0:14:08] ::1 (root): Created an article (id=11
[23:06:12 0:14:25] ::1 (root): Logi
[23:06:12 0:14:37] ::1 (root): Created an article (id=12
[23:06:12 0:15:15] ::1 (root): Created an article (id=12
[23:06:12 0:23:26] ::1 (root): 
[23:06:12 0:23:26] ::1 (root): Created an article (id=13)
[23:06:12 0:23:51] ::1 (root): 
[23:06:12 0:23:52] ::1 (root): Created an article (id=13)
[23:06:12 0:24:26] ::1 (root): 
[23:06:12 0:24:26] ::1 (root): Created an article (id=14)
[23:06:12 0:24:40] ::1 (root): 
[23:06:12 0:24:41] ::1 (root): Created an article (id=14)
[23:06:12 0:27:39] ::1 (root): 
[23:06:12 0:27:39] ::1 (root): Created an article (id=15)
[23:06:12 22:23:58] ::1 (root): Login
[23:06:12 22:24:41] ::1 (root): à créer un prof
[23:06:12 22:24:41] ::1 (root): à créer un prof
[23:06:12 22:24:53] ::1 (caca): Login
[23:06:12 22:27:49] ::1 (caca): 
[23:06:12 22:27:49] ::1 (caca): Created an article (id=16)
[23:06:12 22:29:04] ::1 (caca_parent): login
[23:06:12 22:30:19] ::1 (root): Login
[23:06:12 22:30:33] ::1 (root): Edited an article (id=16)
[23:06:12 22:30:35] ::1 (root): Delete an article (id= 16)
[23:06:12 22:30:41] ::1 (root): Delete an article (id= 15)
[23:06:12 22:56:37] ::1 (root): Login
[23:06:12 22:56:41] ::1 (root): Delete an article (id= 14)
[23:06:12 22:56:42] ::1 (root): Delete an article (id= 13)
[23:06:12 22:56:43] ::1 (root): Delete an article (id= 12)
[23:06:12 22:56:44] ::1 (root): Delete an article (id= 11)
[23:06:12 22:56:48] ::1 (root): Delete an article (id= 4)
[23:06:12 22:56:49] ::1 (root): Delete an article (id= 1)
[23:06:25 2:44:43] ::1 (root): Login
[23:06:25 2:45:02] ::1 (root): 
[23:06:25 2:45:03] ::1 (root): Created an article (id=17)
[23:06:25 2:47:07] ::1 (root): Login
[23:06:25 2:47:11] ::1 (root): Delete an article (id= 17)
[23:06:25 2:47:48] ::1 (root): Login
[23:06:25 2:47:55] ::1 (root): 
[23:06:25 2:47:55] ::1 (root): Created an article (id=18)
[23:06:25 2:48:14] ::1 (root): Delete an article (id= 18)
[23:08:04 3:06:02] ::1 (root): Login
